03-02-2021 Tuesday EST 12:31:34,920 {INFO} [com.revature.dao.TransactionDAOImpl] - All the transactions of abc123 have been retrieved.
03-02-2021 Tuesday EST 12:37:55,493 {INFO} [com.revature.dao.TransactionDAOImpl] - All the transactions of abc123 have been retrieved.
03-02-2021 Tuesday EST 12:41:08,962 {INFO} [com.revature.dao.TransactionDAOImpl] - All the transactions of abc123 have been retrieved.
03-02-2021 Tuesday EST 12:42:15,047 {INFO} [com.revature.dao.TransactionDAOImpl] - All the transactions of abc123 have been retrieved.
03-02-2021 Tuesday EST 12:42:24,282 {INFO} [com.revature.dao.TransactionDAOImpl] - All the transactions of abc123 have been retrieved.
03-02-2021 Tuesday EST 12:42:53,417 {INFO} [com.revature.dao.TransactionDAOImpl] - All the transactions of abc123 have been retrieved.
03-02-2021 Tuesday EST 12:43:17,618 {INFO} [com.revature.dao.TransactionDAOImpl] - All the transactions of abc123 have been retrieved.
03-02-2021 Tuesday EST 12:43:44,698 {INFO} [com.revature.dao.TransactionDAOImpl] - All the transactions of abc123 have been retrieved.
03-02-2021 Tuesday EST 12:53:01,542 {INFO} [com.revature.dao.TransactionDAOImpl] - All the transactions of abc123 have been retrieved.
03-02-2021 Tuesday EST 12:53:09,451 {INFO} [com.revature.dao.TransactionDAOImpl] - All the transactions of abc123 have been retrieved.
03-02-2021 Tuesday EST 12:53:56,180 {INFO} [com.revature.dao.TransactionDAOImpl] - All the transactions of abc123 have been retrieved.
03-02-2021 Tuesday EST 15:17:20,813 {INFO} [com.revature.dao.TransactionDAOImpl] - All the transactions of abc123 have been retrieved.
03-02-2021 Tuesday EST 15:17:20,855 {INFO} [com.revature.dao.TransactionDAOImpl] - All the transactions of abc123 have been retrieved.
03-02-2021 Tuesday EST 15:17:20,876 {INFO} [com.revature.dao.TransactionDAOImpl] - All the transactions of abc123 have been retrieved.
03-02-2021 Tuesday EST 15:19:33,367 {INFO} [com.revature.dao.TransactionDAOImpl] - All the transactions of abc123 have been retrieved.
03-02-2021 Tuesday EST 15:19:33,425 {INFO} [com.revature.dao.TransactionDAOImpl] - All the transactions of abc123 have been retrieved.
03-02-2021 Tuesday EST 15:19:33,446 {INFO} [com.revature.dao.TransactionDAOImpl] - All the transactions of abc123 have been retrieved.
03-02-2021 Tuesday EST 15:22:23,279 {INFO} [com.revature.dao.TransactionDAOImpl] - All the transactions of abc123 have been retrieved.
03-02-2021 Tuesday EST 15:22:23,330 {INFO} [com.revature.dao.TransactionDAOImpl] - All the transactions of abc123 have been retrieved.
03-02-2021 Tuesday EST 15:22:23,351 {INFO} [com.revature.dao.TransactionDAOImpl] - All the transactions of abc123 have been retrieved.
03-02-2021 Tuesday EST 15:22:44,406 {INFO} [com.revature.dao.TransactionDAOImpl] - All the transactions of abc123 have been retrieved.
03-02-2021 Tuesday EST 15:22:44,454 {INFO} [com.revature.dao.TransactionDAOImpl] - All the transactions of abc123 have been retrieved.
03-02-2021 Tuesday EST 15:22:44,476 {INFO} [com.revature.dao.TransactionDAOImpl] - All the transactions of abc123 have been retrieved.
03-02-2021 Tuesday EST 15:23:09,047 {INFO} [com.revature.dao.TransactionDAOImpl] - All the transactions of abc123 have been retrieved.
03-02-2021 Tuesday EST 15:23:09,322 {INFO} [com.revature.dao.TransactionDAOImpl] - All the transactions of abc123 have been retrieved.
03-02-2021 Tuesday EST 15:23:09,343 {INFO} [com.revature.dao.TransactionDAOImpl] - All the transactions of abc123 have been retrieved.
03-02-2021 Tuesday EST 15:26:27,934 {INFO} [com.revature.dao.TransactionDAOImpl] - All the transactions of abc123 have been retrieved.
03-02-2021 Tuesday EST 15:26:27,983 {INFO} [com.revature.dao.TransactionDAOImpl] - All the transactions of abc123 have been retrieved.
03-02-2021 Tuesday EST 15:26:28,002 {INFO} [com.revature.dao.TransactionDAOImpl] - All the transactions of abc123 have been retrieved.
03-02-2021 Tuesday EST 15:34:24,898 {INFO} [com.revature.dao.TransactionDAOImpl] - All the transactions of abc123 have been retrieved.
03-02-2021 Tuesday EST 15:34:24,948 {INFO} [com.revature.dao.TransactionDAOImpl] - All the transactions of abc123 have been retrieved.
03-02-2021 Tuesday EST 15:34:24,968 {INFO} [com.revature.dao.TransactionDAOImpl] - All the transactions of abc123 have been retrieved.
03-02-2021 Tuesday EST 15:35:21,819 {INFO} [com.revature.dao.TransactionDAOImpl] - All the transactions of abc123 have been retrieved.
03-02-2021 Tuesday EST 15:35:21,867 {INFO} [com.revature.dao.TransactionDAOImpl] - All the transactions of abc123 have been retrieved.
03-02-2021 Tuesday EST 15:35:21,886 {INFO} [com.revature.dao.TransactionDAOImpl] - All the transactions of abc123 have been retrieved.
03-02-2021 Tuesday EST 15:36:39,416 {INFO} [com.revature.dao.TransactionDAOImpl] - All the transactions of abc123 have been retrieved.
03-02-2021 Tuesday EST 15:36:39,464 {INFO} [com.revature.dao.TransactionDAOImpl] - All the transactions of abc123 have been retrieved.
03-02-2021 Tuesday EST 15:36:39,484 {INFO} [com.revature.dao.TransactionDAOImpl] - All the transactions of abc123 have been retrieved.
03-02-2021 Tuesday EST 15:41:42,670 {INFO} [com.revature.dao.TransactionDAOImpl] - All the transactions of abc123 have been retrieved.
03-02-2021 Tuesday EST 15:41:42,721 {INFO} [com.revature.dao.TransactionDAOImpl] - All the transactions of abc123 have been retrieved.
03-02-2021 Tuesday EST 15:41:42,740 {INFO} [com.revature.dao.TransactionDAOImpl] - All the transactions of abc123 have been retrieved.
03-02-2021 Tuesday EST 15:46:03,705 {INFO} [com.revature.dao.TransactionDAOImpl] - All the transactions of abc123 have been retrieved.
03-02-2021 Tuesday EST 15:46:03,750 {INFO} [com.revature.dao.TransactionDAOImpl] - All the transactions of abc123 have been retrieved.
03-02-2021 Tuesday EST 15:46:03,773 {INFO} [com.revature.dao.TransactionDAOImpl] - All the transactions of abc123 have been retrieved.
03-02-2021 Tuesday EST 15:53:07,055 {INFO} [com.revature.dao.TransactionDAOImpl] - All the transactions of abc123 have been retrieved.
03-02-2021 Tuesday EST 15:53:07,101 {INFO} [com.revature.dao.TransactionDAOImpl] - All the transactions of abc123 have been retrieved.
03-02-2021 Tuesday EST 15:53:07,122 {INFO} [com.revature.dao.TransactionDAOImpl] - All the transactions of abc123 have been retrieved.
03-02-2021 Tuesday EST 21:26:51,115 {INFO} [com.revature.dao.UserDAOImpl] - All the transactions have been retrieved.
03-02-2021 Tuesday EST 21:28:08,664 {INFO} [com.revature.ui.UserMenu] - User testUser has deposited $100.0
03-02-2021 Tuesday EST 21:29:27,053 {INFO} [com.revature.ui.UserMenu] - User testUser has withdrawn $100.0
03-02-2021 Tuesday EST 21:37:39,502 {INFO} [com.revature.ui.UserMenu] - Applicant check has been added.
03-02-2021 Tuesday EST 21:37:58,884 {INFO} [com.revature.dao.UserDAOImpl] - All the transactions have been retrieved.
03-02-2021 Tuesday EST 21:38:52,061 {INFO} [com.revature.dao.UserDAOImpl] - Applicant check has been deleted.
03-02-2021 Tuesday EST 21:38:57,885 {INFO} [com.revature.dao.UserDAOImpl] - Applicant check has been deleted.
03-02-2021 Tuesday EST 21:39:07,877 {INFO} [com.revature.dao.UserDAOImpl] - Applicant check has been deleted.
03-02-2021 Tuesday EST 21:39:22,289 {INFO} [com.revature.dao.UserDAOImpl] - User check has been added.
03-02-2021 Tuesday EST 21:39:22,289 {INFO} [com.revature.dao.UserDAOImpl] - Applicant check has been deleted.
03-02-2021 Tuesday EST 21:41:29,324 {INFO} [com.revature.dao.UserDAOImpl] - Applicant check has been deleted.
03-02-2021 Tuesday EST 21:44:42,548 {INFO} [com.revature.ui.UserMenu] - Applicant check has been added.
03-02-2021 Tuesday EST 21:44:57,077 {INFO} [com.revature.dao.UserDAOImpl] - Applicant check has been deleted.
03-02-2021 Tuesday EST 21:47:00,832 {INFO} [com.revature.dao.UserDAOImpl] - Applicant check has been deleted.
03-03-2021 Wednesday EST 17:49:06,903 {INFO} [com.revature.ui.UserMenu] - Applicant test has been added.
03-03-2021 Wednesday EST 17:49:45,548 {INFO} [com.revature.dao.UserDAOImpl] - All the transactions have been retrieved.
03-03-2021 Wednesday EST 17:50:00,070 {INFO} [com.revature.dao.UserDAOImpl] - User test has been added.
03-03-2021 Wednesday EST 17:50:00,070 {INFO} [com.revature.dao.UserDAOImpl] - Applicant test has been deleted.
03-03-2021 Wednesday EST 17:51:01,206 {INFO} [com.revature.ui.UserMenu] - User test has deposited $100.0
03-03-2021 Wednesday EST 17:51:21,950 {INFO} [com.revature.ui.UserMenu] - User test has withdrawn $100.0
03-03-2021 Wednesday EST 17:51:34,350 {INFO} [com.revature.ui.UserMenu] - Transaction by test has been added.
03-04-2021 Thursday EST 10:10:10,890 {INFO} [com.revature.ui.UserMenu] - Applicant test has been added.
03-04-2021 Thursday EST 11:43:09,788 {INFO} [com.revature.ui.UserMenu] - Applicant test has been added.
03-04-2021 Thursday EST 11:43:49,555 {INFO} [com.revature.ui.UserMenu] - Applicant tes has been added.
03-04-2021 Thursday EST 11:44:46,879 {INFO} [com.revature.dao.UserDAOImpl] - All the transactions have been retrieved.
03-04-2021 Thursday EST 11:45:17,352 {INFO} [com.revature.dao.UserDAOImpl] - User test has been added.
03-04-2021 Thursday EST 11:45:17,352 {INFO} [com.revature.dao.UserDAOImpl] - Applicant test has been deleted.
03-04-2021 Thursday EST 11:45:38,747 {INFO} [com.revature.dao.UserDAOImpl] - Applicant 1: tes has been deleted.
03-04-2021 Thursday EST 11:46:16,527 {ERROR} [com.revature.ui.UserMenu] - Sender testUser tried sending money to an account that cannot be found: ffffffff
03-04-2021 Thursday EST 11:46:33,770 {INFO} [com.revature.ui.UserMenu] - Transaction by testUser has been added.
03-04-2021 Thursday EST 11:46:44,745 {INFO} [com.revature.ui.UserMenu] - User testUser has deposited $100.0
03-04-2021 Thursday EST 11:46:58,010 {INFO} [com.revature.ui.UserMenu] - User testUser has withdrawn $100.0
03-04-2021 Thursday EST 11:52:14,468 {INFO} [com.revature.ui.UserMenu] - Applicant tes has been added.
03-04-2021 Thursday EST 11:52:28,380 {INFO} [com.revature.ui.UserMenu] - Applicant tes2 has been added.
03-04-2021 Thursday EST 11:52:54,372 {INFO} [com.revature.dao.UserDAOImpl] - Applicant 1: tes has been deleted.
03-04-2021 Thursday EST 11:53:00,700 {INFO} [com.revature.dao.UserDAOImpl] - All the transactions have been retrieved.
03-04-2021 Thursday EST 11:58:22,489 {INFO} [com.revature.ui.UserMenu] - Applicant tes has been added.
03-04-2021 Thursday EST 11:58:36,004 {INFO} [com.revature.ui.UserMenu] - Applicant tes1 has been added.
03-04-2021 Thursday EST 11:58:52,212 {INFO} [com.revature.dao.UserDAOImpl] - Applicant 0: tes2 has been deleted.
03-04-2021 Thursday EST 11:58:54,627 {INFO} [com.revature.dao.UserDAOImpl] - Applicant 1: tes has been deleted.
03-04-2021 Thursday EST 11:59:00,755 {INFO} [com.revature.dao.UserDAOImpl] - Applicant 2: tes1 has been deleted.
